2020-11-19 11:39:50.857  INFO 3328 --- [main] c.r.o.m.OyoMiniProjectApplication        : Starting OyoMiniProjectApplication on OYOs-MacBook-Air.local with PID 3328 (/Users/oyo/Desktop/springboot/target/classes started by oyo in /Users/oyo/Desktop/springboot)
2020-11-19 11:39:50.871  INFO 3328 --- [main] c.r.o.m.OyoMiniProjectApplication        : No active profile set, falling back to default profiles: default
2020-11-19 11:39:51.707  INFO 3328 --- [main] .s.d.r.c.RepositoryConfigurationDelegate : Bootstrapping Spring Data JPA repositories in DEFAULT mode.
2020-11-19 11:39:51.873  INFO 3328 --- [main] .s.d.r.c.RepositoryConfigurationDelegate : Finished Spring Data repository scanning in 137ms. Found 3 JPA repository interfaces.
2020-11-19 11:39:52.912  INFO 3328 --- [main] o.s.b.w.embedded.tomcat.TomcatWebServer  : Tomcat initialized with port(s): 8080 (http)
2020-11-19 11:39:52.925  INFO 3328 --- [main] o.apache.catalina.core.StandardService   : Starting service [Tomcat]
2020-11-19 11:39:52.926  INFO 3328 --- [main] org.apache.catalina.core.StandardEngine  : Starting Servlet engine: [Apache Tomcat/9.0.39]
2020-11-19 11:39:53.058  INFO 3328 --- [main] o.a.c.c.C.[Tomcat].[localhost].[/]       : Initializing Spring embedded WebApplicationContext
2020-11-19 11:39:53.058  INFO 3328 --- [main] w.s.c.ServletWebServerApplicationContext : Root WebApplicationContext: initialization completed in 2066 ms
2020-11-19 11:39:53.403  INFO 3328 --- [main] o.hibernate.jpa.internal.util.LogHelper  : HHH000204: Processing PersistenceUnitInfo [name: default]
2020-11-19 11:39:53.464  INFO 3328 --- [main] org.hibernate.Version                    : HHH000412: Hibernate ORM core version 5.4.22.Final
2020-11-19 11:39:53.701  INFO 3328 --- [main] o.hibernate.annotations.common.Version   : HCANN000001: Hibernate Commons Annotations {5.1.0.Final}
2020-11-19 11:39:53.822  INFO 3328 --- [main] com.zaxxer.hikari.HikariDataSource       : HikariPool-1 - Starting...
2020-11-19 11:39:56.641  INFO 3328 --- [main] com.zaxxer.hikari.HikariDataSource       : HikariPool-1 - Start completed.
2020-11-19 11:39:56.695  INFO 3328 --- [main] org.hibernate.dialect.Dialect            : HHH000400: Using dialect: org.hibernate.dialect.PostgreSQL10Dialect
2020-11-19 11:40:02.966  INFO 3328 --- [main] o.h.e.t.j.p.i.JtaPlatformInitiator       : HHH000490: Using JtaPlatform implementation: [org.hibernate.engine.transaction.jta.platform.internal.NoJtaPlatform]
2020-11-19 11:40:02.976  INFO 3328 --- [main] j.LocalContainerEntityManagerFactoryBean : Initialized JPA EntityManagerFactory for persistence unit 'default'
2020-11-19 11:40:03.430  WARN 3328 --- [main] JpaBaseConfiguration$JpaWebConfiguration : spring.jpa.open-in-view is enabled by default. Therefore, database queries may be performed during view rendering. Explicitly configure spring.jpa.open-in-view to disable this warning
2020-11-19 11:40:03.566  INFO 3328 --- [main] o.s.s.concurrent.ThreadPoolTaskExecutor  : Initializing ExecutorService 'applicationTaskExecutor'
2020-11-19 11:40:03.811  INFO 3328 --- [main] o.s.b.w.embedded.tomcat.TomcatWebServer  : Tomcat started on port(s): 8080 (http) with context path ''
2020-11-19 11:40:03.820  INFO 3328 --- [main] c.r.o.m.OyoMiniProjectApplication        : Started OyoMiniProjectApplication in 18.483 seconds (JVM running for 19.178)
2020-11-19 11:40:23.401  INFO 3328 --- [http-nio-8080-exec-1] o.a.c.c.C.[Tomcat].[localhost].[/]       : Initializing Spring DispatcherServlet 'dispatcherServlet'
2020-11-19 11:40:23.401  INFO 3328 --- [http-nio-8080-exec-1] o.s.web.servlet.DispatcherServlet        : Initializing Servlet 'dispatcherServlet'
2020-11-19 11:40:23.412  INFO 3328 --- [http-nio-8080-exec-1] o.s.web.servlet.DispatcherServlet        : Completed initialization in 10 ms
2020-11-19 11:40:23.421  INFO 3328 --- [http-nio-8080-exec-1] c.r.o.miniproject.filter.LoggingFilter   : 
Request Header :

Method: GET
Request URL: http://localhost:8080/employees
Request URI: /employees
Query String: null

2020-11-19 11:40:23.422  INFO 3328 --- [http-nio-8080-exec-1] c.r.o.miniproject.filter.LoggingFilter   : 
Response Header :

Status Code: 200
Content-Type: null
Locale: en_IN
Date: Thu, 01 Jan 1970 00:00:01 GMT
Custom Header: This is Custom Header.

2020-11-19 11:40:26.977  INFO 3328 --- [http-nio-8080-exec-1] c.r.o.miniproject.filter.LoggingFilter   : 

Response Time: 3556ms

2020-11-19 11:40:46.735  INFO 3328 --- [http-nio-8080-exec-3] c.r.o.miniproject.filter.LoggingFilter   : 
Request Header :

Method: GET
Request URL: http://localhost:8080/employees
Request URI: /employees
Query String: null

2020-11-19 11:40:46.735  INFO 3328 --- [http-nio-8080-exec-3] c.r.o.miniproject.filter.LoggingFilter   : 
Response Header :

Status Code: 200
Content-Type: null
Locale: en_IN
Date: Thu, 01 Jan 1970 00:00:01 GMT
Custom Header: This is Custom Header.

2020-11-19 11:40:49.726  INFO 3328 --- [http-nio-8080-exec-3] c.r.o.miniproject.filter.LoggingFilter   : 

Response Time: 2991ms

2020-11-19 11:41:35.462  INFO 3328 --- [SpringContextShutdownHook] o.s.s.concurrent.ThreadPoolTaskExecutor  : Shutting down ExecutorService 'applicationTaskExecutor'
2020-11-19 11:41:35.466  INFO 3328 --- [SpringContextShutdownHook] j.LocalContainerEntityManagerFactoryBean : Closing JPA EntityManagerFactory for persistence unit 'default'
2020-11-19 11:41:35.470  INFO 3328 --- [SpringContextShutdownHook] com.zaxxer.hikari.HikariDataSource       : HikariPool-1 - Shutdown initiated...
2020-11-19 11:41:35.477  INFO 3328 --- [SpringContextShutdownHook] com.zaxxer.hikari.HikariDataSource       : HikariPool-1 - Shutdown completed.
2020-11-19 11:41:43.359  INFO 3348 --- [main] c.r.o.m.OyoMiniProjectApplication        : Starting OyoMiniProjectApplication on OYOs-MacBook-Air.local with PID 3348 (/Users/oyo/Desktop/springboot/target/classes started by oyo in /Users/oyo/Desktop/springboot)
2020-11-19 11:41:43.363  INFO 3348 --- [main] c.r.o.m.OyoMiniProjectApplication        : No active profile set, falling back to default profiles: default
2020-11-19 11:41:44.047  INFO 3348 --- [main] .s.d.r.c.RepositoryConfigurationDelegate : Bootstrapping Spring Data JPA repositories in DEFAULT mode.
2020-11-19 11:41:44.118  INFO 3348 --- [main] .s.d.r.c.RepositoryConfigurationDelegate : Finished Spring Data repository scanning in 61ms. Found 3 JPA repository interfaces.
2020-11-19 11:41:45.004  INFO 3348 --- [main] o.s.b.w.embedded.tomcat.TomcatWebServer  : Tomcat initialized with port(s): 8080 (http)
2020-11-19 11:41:45.018  INFO 3348 --- [main] o.apache.catalina.core.StandardService   : Starting service [Tomcat]
2020-11-19 11:41:45.019  INFO 3348 --- [main] org.apache.catalina.core.StandardEngine  : Starting Servlet engine: [Apache Tomcat/9.0.39]
2020-11-19 11:41:45.171  INFO 3348 --- [main] o.a.c.c.C.[Tomcat].[localhost].[/]       : Initializing Spring embedded WebApplicationContext
2020-11-19 11:41:45.172  INFO 3348 --- [main] w.s.c.ServletWebServerApplicationContext : Root WebApplicationContext: initialization completed in 1735 ms
2020-11-19 11:41:45.453  INFO 3348 --- [main] o.hibernate.jpa.internal.util.LogHelper  : HHH000204: Processing PersistenceUnitInfo [name: default]
2020-11-19 11:41:45.514  INFO 3348 --- [main] org.hibernate.Version                    : HHH000412: Hibernate ORM core version 5.4.22.Final
2020-11-19 11:41:45.697  INFO 3348 --- [main] o.hibernate.annotations.common.Version   : HCANN000001: Hibernate Commons Annotations {5.1.0.Final}
2020-11-19 11:41:45.809  INFO 3348 --- [main] com.zaxxer.hikari.HikariDataSource       : HikariPool-1 - Starting...
2020-11-19 11:41:48.948  INFO 3348 --- [main] com.zaxxer.hikari.HikariDataSource       : HikariPool-1 - Start completed.
2020-11-19 11:41:48.993  INFO 3348 --- [main] org.hibernate.dialect.Dialect            : HHH000400: Using dialect: org.hibernate.dialect.PostgreSQL10Dialect
2020-11-19 11:41:55.159  INFO 3348 --- [main] o.h.e.t.j.p.i.JtaPlatformInitiator       : HHH000490: Using JtaPlatform implementation: [org.hibernate.engine.transaction.jta.platform.internal.NoJtaPlatform]
2020-11-19 11:41:55.167  INFO 3348 --- [main] j.LocalContainerEntityManagerFactoryBean : Initialized JPA EntityManagerFactory for persistence unit 'default'
2020-11-19 11:41:55.592  WARN 3348 --- [main] JpaBaseConfiguration$JpaWebConfiguration : spring.jpa.open-in-view is enabled by default. Therefore, database queries may be performed during view rendering. Explicitly configure spring.jpa.open-in-view to disable this warning
2020-11-19 11:41:55.724  INFO 3348 --- [main] o.s.s.concurrent.ThreadPoolTaskExecutor  : Initializing ExecutorService 'applicationTaskExecutor'
2020-11-19 11:41:55.954  INFO 3348 --- [main] o.s.b.w.embedded.tomcat.TomcatWebServer  : Tomcat started on port(s): 8080 (http) with context path ''
2020-11-19 11:41:55.968  INFO 3348 --- [main] c.r.o.m.OyoMiniProjectApplication        : Started OyoMiniProjectApplication in 18.19 seconds (JVM running for 18.823)
